0 info it worked if it ends with ok
1 verbose cli [ '/usr/local/bin/node', '/usr/local/bin/npm', 'run', 'dev' ]
2 info using npm@3.3.12
3 info using node@v5.4.0
4 verbose run-script [ 'predev', 'dev', 'postdev' ]
5 info lifecycle csstest-restaurant-locator@1.0.0~predev: csstest-restaurant-locator@1.0.0
6 silly lifecycle csstest-restaurant-locator@1.0.0~predev: no script for predev, continuing
7 info lifecycle csstest-restaurant-locator@1.0.0~dev: csstest-restaurant-locator@1.0.0
8 verbose lifecycle csstest-restaurant-locator@1.0.0~dev: unsafe-perm in lifecycle true
9 verbose lifecycle csstest-restaurant-locator@1.0.0~dev: PATH: /usr/local/lib/node_modules/npm/bin/node-gyp-bin:/var/www/algolia/node_modules/.bin:/usr/local/sbin:/usr/local/bin:/usr/sbin:/usr/bin:/sbin:/bin:/usr/games
10 verbose lifecycle csstest-restaurant-locator@1.0.0~dev: CWD: /var/www/algolia
11 silly lifecycle csstest-restaurant-locator@1.0.0~dev: Args: [ '-c', 'gulp dev' ]
12 silly lifecycle csstest-restaurant-locator@1.0.0~dev: Returned: code: 1  signal: null
13 info lifecycle csstest-restaurant-locator@1.0.0~dev: Failed to exec dev script
14 verbose stack Error: csstest-restaurant-locator@1.0.0 dev: `gulp dev`
14 verbose stack Exit status 1
14 verbose stack     at EventEmitter.<anonymous> (/usr/local/lib/node_modules/npm/lib/utils/lifecycle.js:232:16)
14 verbose stack     at emitTwo (events.js:87:13)
14 verbose stack     at EventEmitter.emit (events.js:172:7)
14 verbose stack     at ChildProcess.<anonymous> (/usr/local/lib/node_modules/npm/lib/utils/spawn.js:24:14)
14 verbose stack     at emitTwo (events.js:87:13)
14 verbose stack     at ChildProcess.emit (events.js:172:7)
14 verbose stack     at maybeClose (internal/child_process.js:821:16)
14 verbose stack     at Process.ChildProcess._handle.onexit (internal/child_process.js:211:5)
15 verbose pkgid csstest-restaurant-locator@1.0.0
16 verbose cwd /var/www/algolia
17 error Linux 2.6.32-042stab111.12
18 error argv "/usr/local/bin/node" "/usr/local/bin/npm" "run" "dev"
19 error node v5.4.0
20 error npm  v3.3.12
21 error code ELIFECYCLE
22 error csstest-restaurant-locator@1.0.0 dev: `gulp dev`
22 error Exit status 1
23 error Failed at the csstest-restaurant-locator@1.0.0 dev script 'gulp dev'.
23 error Make sure you have the latest version of node.js and npm installed.
23 error If you do, this is most likely a problem with the csstest-restaurant-locator package,
23 error not with npm itself.
23 error Tell the author that this fails on your system:
23 error     gulp dev
23 error You can get their info via:
23 error     npm owner ls csstest-restaurant-locator
23 error There is likely additional logging output above.
24 verbose exit [ 1, true ]
